
[info] EAC-TimeNode
[info] Version: 4.2.5
[info] Watching ENABLED
[info] [0xa3ced7c5a33f84b5461f8f1a82a35b12cba42e5b] Discovered
[cache] miss 0xa3ced7c5a33f84b5461f8f1a82a35b12cba42e5b
[info] [0xa3ced7c5a33f84b5461f8f1a82a35b12cba42e5b] Inputting to cache
[cache] stored 0xa3ced7c5a33f84b5461f8f1a82a35b12cba42e5b with value {"claimedBy":null,"wasCalled":false,"windowStart":"8194690"}
[cache] accessed 0xa3ced7c5a33f84b5461f8f1a82a35b12cba42e5b
[debug] 0xa3ced7c5a33f84b5461f8f1a82a35b12cba42e5b Transitioning from  BeforeClaimWindow to ClaimWindow (1)
[info] [0xa3ced7c5a33f84b5461f8f1a82a35b12cba42e5b] Discovered
[cache] hit 0xa3ced7c5a33f84b5461f8f1a82a35b12cba42e5b
[cache] accessed 0xa3ced7c5a33f84b5461f8f1a82a35b12cba42e5b
[debug] 0xa3ced7c5a33f84b5461f8f1a82a35b12cba42e5b Transitioning from  ClaimWindow to FreezePeriod (2)
[cache] accessed 0xa3ced7c5a33f84b5461f8f1a82a35b12cba42e5b
[cache] accessed 0xa3ced7c5a33f84b5461f8f1a82a35b12cba42e5b
[cache] accessed 0xa3ced7c5a33f84b5461f8f1a82a35b12cba42e5b
[cache] accessed 0xa3ced7c5a33f84b5461f8f1a82a35b12cba42e5b
[cache] accessed 0xa3ced7c5a33f84b5461f8f1a82a35b12cba42e5b
[cache] accessed 0xa3ced7c5a33f84b5461f8f1a82a35b12cba42e5b
[cache] accessed 0xa3ced7c5a33f84b5461f8f1a82a35b12cba42e5b
[cache] accessed 0xa3ced7c5a33f84b5461f8f1a82a35b12cba42e5b
[cache] accessed 0xa3ced7c5a33f84b5461f8f1a82a35b12cba42e5b
[cache] accessed 0xa3ced7c5a33f84b5461f8f1a82a35b12cba42e5b
[cache] accessed 0xa3ced7c5a33f84b5461f8f1a82a35b12cba42e5b
[cache] accessed 0xa3ced7c5a33f84b5461f8f1a82a35b12cba42e5b
[cache] accessed 0xa3ced7c5a33f84b5461f8f1a82a35b12cba42e5b
[cache] accessed 0xa3ced7c5a33f84b5461f8f1a82a35b12cba42e5b
[cache] accessed 0xa3ced7c5a33f84b5461f8f1a82a35b12cba42e5b
[cache] accessed 0xa3ced7c5a33f84b5461f8f1a82a35b12cba42e5b
[cache] accessed 0xa3ced7c5a33f84b5461f8f1a82a35b12cba42e5b
[cache] accessed 0xa3ced7c5a33f84b5461f8f1a82a35b12cba42e5b
[cache] accessed 0xa3ced7c5a33f84b5461f8f1a82a35b12cba42e5b
[cache] accessed 0xa3ced7c5a33f84b5461f8f1a82a35b12cba42e5b
[cache] accessed 0xa3ced7c5a33f84b5461f8f1a82a35b12cba42e5b
[cache] accessed 0xa3ced7c5a33f84b5461f8f1a82a35b12cba42e5b
[cache] accessed 0xa3ced7c5a33f84b5461f8f1a82a35b12cba42e5b
[cache] accessed 0xa3ced7c5a33f84b5461f8f1a82a35b12cba42e5b
[cache] accessed 0xa3ced7c5a33f84b5461f8f1a82a35b12cba42e5b
[cache] accessed 0xa3ced7c5a33f84b5461f8f1a82a35b12cba42e5b
[cache] accessed 0xa3ced7c5a33f84b5461f8f1a82a35b12cba42e5b
[cache] accessed 0xa3ced7c5a33f84b5461f8f1a82a35b12cba42e5b
[cache] accessed 0xa3ced7c5a33f84b5461f8f1a82a35b12cba42e5b
[cache] accessed 0xa3ced7c5a33f84b5461f8f1a82a35b12cba42e5b
[cache] accessed 0xa3ced7c5a33f84b5461f8f1a82a35b12cba42e5b
[cache] accessed 0xa3ced7c5a33f84b5461f8f1a82a35b12cba42e5b
[cache] accessed 0xa3ced7c5a33f84b5461f8f1a82a35b12cba42e5b
[debug] 0xa3ced7c5a33f84b5461f8f1a82a35b12cba42e5b Transitioning from  FreezePeriod to ExecutionWindow (3)
[debug] 0xa3ced7c5a33f84b5461f8f1a82a35b12cba42e5b Transitioning from  ExecutionWindow to Executed (4)
[debug] 0xa3ced7c5a33f84b5461f8f1a82a35b12cba42e5b Transitioning from  Executed to Done (6)
[info] [0xa3ced7c5a33f84b5461f8f1a82a35b12cba42e5b] Finished. Deleting from cache...
[cache] deleted 0xa3ced7c5a33f84b5461f8f1a82a35b12cba42e5b
